{"numFailedTestSuites":2,"numFailedTests":2,"numPassedTestSuites":12,"numPassedTests":45,"numPendingTestSuites":1,"numPendingTests":1,"numRuntimeErrorTestSuites":0,"numTodoTests":0,"numTotalTestSuites":15,"numTotalTests":48,"openHandles":[],"snapshot":{"added":0,"didUpdate":false,"failure":false,"filesAdded":0,"filesRemoved":0,"filesRemovedList":[],"filesUnmatched":0,"filesUpdated":0,"matched":0,"total":0,"unchecked":0,"uncheckedKeysByFile":[],"unmatched":0,"updated":0},"startTime":1755929657214,"success":false,"testResults":[{"assertionResults":[{"ancestorTitles":["DeleteLab"],"failureMessages":["TestingLibraryElementError: Unable to find an accessible element with the role \"option\" and name `/Lab 1/i`\n\nHere are the accessible roles:\n\n  combobox:\n\n  Name \"Select a Lab to Delete\":\n  \u001b[36m<select\u001b[39m\n    \u001b[33mclass\u001b[39m=\u001b[32m\"w-full px-3 py-2 border border-gray-300 rounded-lg focus:ring-2 focus:ring-blue-500 focus:border-blue-500 transition-colors duration-200 dark:bg-cp-panel-alt dark:border-cp-border dark:text-neutral-200\"\u001b[39m\n    \u001b[33mid\u001b[39m=\u001b[32m\"labDropdown\"\u001b[39m\n  \u001b[36m/>\u001b[39m\n\n  --------------------------------------------------\n  option:\n\n  Name \"Select a lab to delete\":\n  \u001b[36m<option\u001b[39m\n    \u001b[33mvalue\u001b[39m=\u001b[32m\"\"\u001b[39m\n  \u001b[36m/>\u001b[39m\n\n  --------------------------------------------------\n\nIgnored nodes: comments, script, style\n\u001b[36m<body>\u001b[39m\n  \u001b[36m<div>\u001b[39m\n    \u001b[36m<div\u001b[39m\n      \u001b[33mclass\u001b[39m=\u001b[32m\"space-y-6\"\u001b[39m\n    \u001b[36m>\u001b[39m\n      \u001b[36m<div\u001b[39m\n        \u001b[33mclass\u001b[39m=\u001b[32m\"space-y-2\"\u001b[39m\n      \u001b[36m>\u001b[39m\n        \u001b[36m<label\u001b[39m\n          \u001b[33mclass\u001b[39m=\u001b[32m\"block text-sm font-medium text-gray-700 dark:text-neutral-300\"\u001b[39m\n          \u001b[33mfor\u001b[39m=\u001b[32m\"labDropdown\"\u001b[39m\n        \u001b[36m>\u001b[39m\n          \u001b[0mSelect a Lab to Delete\u001b[0m\n        \u001b[36m</label>\u001b[39m\n        \u001b[36m<select\u001b[39m\n          \u001b[33mclass\u001b[39m=\u001b[32m\"w-full px-3 py-2 border border-gray-300 rounded-lg focus:ring-2 focus:ring-blue-500 focus:border-blue-500 transition-colors duration-200 dark:bg-cp-panel-alt dark:border-cp-border dark:text-neutral-200\"\u001b[39m\n          \u001b[33mid\u001b[39m=\u001b[32m\"labDropdown\"\u001b[39m\n        \u001b[36m>\u001b[39m\n          \u001b[36m<option\u001b[39m\n            \u001b[33mvalue\u001b[39m=\u001b[32m\"\"\u001b[39m\n          \u001b[36m>\u001b[39m\n            \u001b[0mSelect a lab to delete\u001b[0m\n          \u001b[36m</option>\u001b[39m\n        \u001b[36m</select>\u001b[39m\n      \u001b[36m</div>\u001b[39m\n      \u001b[36m<div\u001b[39m\n        \u001b[33mclass\u001b[39m=\u001b[32m\"text-center py-8\"\u001b[39m\n      \u001b[36m>\u001b[39m\n        \u001b[36m<p\u001b[39m\n          \u001b[33mclass\u001b[39m=\u001b[32m\"text-gray-500\"\u001b[39m\n        \u001b[36m>\u001b[39m\n          \u001b[0mNo labs available to delete.\u001b[0m\n        \u001b[36m</p>\u001b[39m\n      \u001b[36m</div>\u001b[39m\n    \u001b[36m</div>\u001b[39m\n  \u001b[36m</div>\u001b[39m\n\u001b[36m</body>\u001b[39m\n    at Object.getElementError (/Users/jeffvincent/lab-thingy/frontend/node_modules/@testing-library/react/node_modules/@testing-library/dom/dist/config.js:37:19)\n    at /Users/jeffvincent/lab-thingy/frontend/node_modules/@testing-library/react/node_modules/@testing-library/dom/dist/query-helpers.js:76:38\n    at /Users/jeffvincent/lab-thingy/frontend/node_modules/@testing-library/react/node_modules/@testing-library/dom/dist/query-helpers.js:52:17\n    at getByRole (/Users/jeffvincent/lab-thingy/frontend/node_modules/@testing-library/react/node_modules/@testing-library/dom/dist/query-helpers.js:95:19)\n    at Object.<anonymous> (/Users/jeffvincent/lab-thingy/frontend/src/components/__tests__/DeleteLab.test.js:20:27)"],"fullName":"DeleteLab renders lab select and delete button","location":null,"status":"failed","title":"renders lab select and delete button"},{"ancestorTitles":["DeleteLab"],"failureMessages":[],"fullName":"DeleteLab shows confirmation before deleting","location":null,"status":"passed","title":"shows confirmation before deleting"}],"endTime":1755929658690,"message":"\u001b[1m\u001b[31m  \u001b[1m● \u001b[22m\u001b[1mDeleteLab › renders lab select and delete button\u001b[39m\u001b[22m\n\n    TestingLibraryElementError: Unable to find an accessible element with the role \"option\" and name `/Lab 1/i`\n\n    Here are the accessible roles:\n\n      combobox:\n\n      Name \"Select a Lab to Delete\":\n      \u001b[36m<select\u001b[39m\n        \u001b[33mclass\u001b[39m=\u001b[32m\"w-full px-3 py-2 border border-gray-300 rounded-lg focus:ring-2 focus:ring-blue-500 focus:border-blue-500 transition-colors duration-200 dark:bg-cp-panel-alt dark:border-cp-border dark:text-neutral-200\"\u001b[39m\n        \u001b[33mid\u001b[39m=\u001b[32m\"labDropdown\"\u001b[39m\n      \u001b[36m/>\u001b[39m\n\n      --------------------------------------------------\n      option:\n\n      Name \"Select a lab to delete\":\n      \u001b[36m<option\u001b[39m\n        \u001b[33mvalue\u001b[39m=\u001b[32m\"\"\u001b[39m\n      \u001b[36m/>\u001b[39m\n\n      --------------------------------------------------\n\n    Ignored nodes: comments, script, style\n    \u001b[36m<body>\u001b[39m\n      \u001b[36m<div>\u001b[39m\n        \u001b[36m<div\u001b[39m\n          \u001b[33mclass\u001b[39m=\u001b[32m\"space-y-6\"\u001b[39m\n        \u001b[36m>\u001b[39m\n          \u001b[36m<div\u001b[39m\n            \u001b[33mclass\u001b[39m=\u001b[32m\"space-y-2\"\u001b[39m\n          \u001b[36m>\u001b[39m\n            \u001b[36m<label\u001b[39m\n              \u001b[33mclass\u001b[39m=\u001b[32m\"block text-sm font-medium text-gray-700 dark:text-neutral-300\"\u001b[39m\n              \u001b[33mfor\u001b[39m=\u001b[32m\"labDropdown\"\u001b[39m\n            \u001b[36m>\u001b[39m\n              \u001b[0mSelect a Lab to Delete\u001b[0m\n            \u001b[36m</label>\u001b[39m\n            \u001b[36m<select\u001b[39m\n              \u001b[33mclass\u001b[39m=\u001b[32m\"w-full px-3 py-2 border border-gray-300 rounded-lg focus:ring-2 focus:ring-blue-500 focus:border-blue-500 transition-colors duration-200 dark:bg-cp-panel-alt dark:border-cp-border dark:text-neutral-200\"\u001b[39m\n              \u001b[33mid\u001b[39m=\u001b[32m\"labDropdown\"\u001b[39m\n            \u001b[36m>\u001b[39m\n              \u001b[36m<option\u001b[39m\n                \u001b[33mvalue\u001b[39m=\u001b[32m\"\"\u001b[39m\n              \u001b[36m>\u001b[39m\n                \u001b[0mSelect a lab to delete\u001b[0m\n              \u001b[36m</option>\u001b[39m\n            \u001b[36m</select>\u001b[39m\n          \u001b[36m</div>\u001b[39m\n          \u001b[36m<div\u001b[39m\n            \u001b[33mclass\u001b[39m=\u001b[32m\"text-center py-8\"\u001b[39m\n          \u001b[36m>\u001b[39m\n            \u001b[36m<p\u001b[39m\n              \u001b[33mclass\u001b[39m=\u001b[32m\"text-gray-500\"\u001b[39m\n            \u001b[36m>\u001b[39m\n              \u001b[0mNo labs available to delete.\u001b[0m\n            \u001b[36m</p>\u001b[39m\n          \u001b[36m</div>\u001b[39m\n        \u001b[36m</div>\u001b[39m\n      \u001b[36m</div>\u001b[39m\n    \u001b[36m</body>\u001b[39m\n\u001b[2m\u001b[22m\n\u001b[2m    \u001b[0m \u001b[90m 18 |\u001b[39m     \u001b[36mawait\u001b[39m waitFor(() \u001b[33m=>\u001b[39m expect(fetch)\u001b[33m.\u001b[39mtoHaveBeenCalled())\u001b[33m;\u001b[39m\u001b[22m\n\u001b[2m     \u001b[90m 19 |\u001b[39m     \u001b[90m// Check for the option in the select dropdown\u001b[39m\u001b[22m\n\u001b[2m    \u001b[31m\u001b[1m>\u001b[22m\u001b[2m\u001b[39m\u001b[90m 20 |\u001b[39m     \u001b[36mconst\u001b[39m option \u001b[33m=\u001b[39m screen\u001b[33m.\u001b[39mgetByRole(\u001b[32m'option'\u001b[39m\u001b[33m,\u001b[39m { name\u001b[33m:\u001b[39m \u001b[35m/Lab 1/i\u001b[39m })\u001b[33m;\u001b[39m\u001b[22m\n\u001b[2m     \u001b[90m    |\u001b[39m                           \u001b[31m\u001b[1m^\u001b[22m\u001b[2m\u001b[39m\u001b[22m\n\u001b[2m     \u001b[90m 21 |\u001b[39m     expect(option)\u001b[33m.\u001b[39mtoBeInTheDocument()\u001b[33m;\u001b[39m\u001b[22m\n\u001b[2m     \u001b[90m 22 |\u001b[39m   })\u001b[33m;\u001b[39m\u001b[22m\n\u001b[2m     \u001b[90m 23 |\u001b[39m\u001b[0m\u001b[22m\n\u001b[2m\u001b[22m\n\u001b[2m      \u001b[2mat Object.getElementError (\u001b[22m\u001b[2mnode_modules/@testing-library/react/node_modules/@testing-library/dom/dist/config.js\u001b[2m:37:19)\u001b[22m\u001b[2m\u001b[22m\n\u001b[2m      \u001b[2mat \u001b[22m\u001b[2mnode_modules/@testing-library/react/node_modules/@testing-library/dom/dist/query-helpers.js\u001b[2m:76:38\u001b[22m\u001b[2m\u001b[22m\n\u001b[2m      \u001b[2mat \u001b[22m\u001b[2mnode_modules/@testing-library/react/node_modules/@testing-library/dom/dist/query-helpers.js\u001b[2m:52:17\u001b[22m\u001b[2m\u001b[22m\n\u001b[2m      \u001b[2mat getByRole (\u001b[22m\u001b[2mnode_modules/@testing-library/react/node_modules/@testing-library/dom/dist/query-helpers.js\u001b[2m:95:19)\u001b[22m\u001b[2m\u001b[22m\n\u001b[2m      \u001b[2mat Object.<anonymous> (\u001b[22m\u001b[2m\u001b[0m\u001b[36msrc/components/__tests__/DeleteLab.test.js\u001b[39m\u001b[0m\u001b[2m:20:27)\u001b[22m\u001b[2m\u001b[22m\n","name":"/Users/jeffvincent/lab-thingy/frontend/src/components/__tests__/DeleteLab.test.js","startTime":1755929657863,"status":"failed","summary":""},{"assertionResults":[{"ancestorTitles":["OrgPortalLayout smoke tests"],"failureMessages":[],"fullName":"OrgPortalLayout smoke tests renders tabs after auth/org fetch","location":null,"status":"passed","title":"renders tabs after auth/org fetch"},{"ancestorTitles":["OrgPortalLayout smoke tests"],"failureMessages":[],"fullName":"OrgPortalLayout smoke tests switching tabs updates active styling","location":null,"status":"passed","title":"switching tabs updates active styling"}],"endTime":1755929658882,"message":"","name":"/Users/jeffvincent/lab-thingy/frontend/src/components/__tests__/OrgPortalLayout.test.js","startTime":1755929657865,"status":"passed","summary":""},{"assertionResults":[{"ancestorTitles":["LabText Component"],"failureMessages":[],"fullName":"LabText Component renders markdown headings and code with highlight wrappers","location":null,"status":"passed","title":"renders markdown headings and code with highlight wrappers"},{"ancestorTitles":["LabText Component"],"failureMessages":[],"fullName":"LabText Component renders legacy HTML (Quill-like) without stripping","location":null,"status":"passed","title":"renders legacy HTML (Quill-like) without stripping"},{"ancestorTitles":["LabText Component"],"failureMessages":[],"fullName":"LabText Component shows skeleton when no labText","location":null,"status":"passed","title":"shows skeleton when no labText"}],"endTime":1755929658893,"message":"","name":"/Users/jeffvincent/lab-thingy/frontend/src/components/__tests__/LessonText.test.js","startTime":1755929657880,"status":"passed","summary":""},{"assertionResults":[{"ancestorTitles":["Video"],"failureMessages":[],"fullName":"Video renders loading state","location":null,"status":"passed","title":"renders loading state"}],"endTime":1755929659008,"message":"","name":"/Users/jeffvincent/lab-thingy/frontend/src/components/__tests__/Video.test.js","startTime":1755929658912,"status":"passed","summary":""},{"assertionResults":[{"ancestorTitles":["deriveEditorLanguage"],"failureMessages":[],"fullName":"deriveEditorLanguage returns correct language for known commands","location":null,"status":"passed","title":"returns correct language for known commands"},{"ancestorTitles":["RESOURCE_SPECS"],"failureMessages":[],"fullName":"RESOURCE_SPECS contains small, medium, and large specs","location":null,"status":"passed","title":"contains small, medium, and large specs"},{"ancestorTitles":["ResourceSizeSection"],"failureMessages":[],"fullName":"ResourceSizeSection renders all resource size options","location":null,"status":"passed","title":"renders all resource size options"},{"ancestorTitles":["ResourceSizeSection"],"failureMessages":[],"fullName":"ResourceSizeSection calls onChange when a different option is selected","location":null,"status":"passed","title":"calls onChange when a different option is selected"},{"ancestorTitles":["TTLSelector"],"failureMessages":[],"fullName":"TTLSelector renders preset options and custom input","location":null,"status":"passed","title":"renders preset options and custom input"},{"ancestorTitles":["TTLSelector"],"failureMessages":[],"fullName":"TTLSelector calls onChange when a preset is selected","location":null,"status":"passed","title":"calls onChange when a preset is selected"},{"ancestorTitles":["TTLSelector"],"failureMessages":[],"fullName":"TTLSelector calls onChange when a custom value is entered","location":null,"status":"passed","title":"calls onChange when a custom value is entered"},{"ancestorTitles":["ElementSelector"],"failureMessages":[],"fullName":"ElementSelector renders all available elements and scoredLab checkbox","location":null,"status":"passed","title":"renders all available elements and scoredLab checkbox"},{"ancestorTitles":["ElementSelector"],"failureMessages":[],"fullName":"ElementSelector calls onToggle when an element is toggled","location":null,"status":"passed","title":"calls onToggle when an element is toggled"},{"ancestorTitles":["ElementSelector"],"failureMessages":[],"fullName":"ElementSelector calls onScoredChange when scoredLab is toggled","location":null,"status":"passed","title":"calls onScoredChange when scoredLab is toggled"},{"ancestorTitles":["LabTextSection"],"failureMessages":[],"fullName":"LabTextSection renders markdown editor and label","location":null,"status":"passed","title":"renders markdown editor and label"},{"ancestorTitles":["IDESection"],"failureMessages":[],"fullName":"IDESection renders script name, execution command, and code editor","location":null,"status":"passed","title":"renders script name, execution command, and code editor"},{"ancestorTitles":["TerminalSection"],"failureMessages":[],"fullName":"TerminalSection renders textarea for terminal commands","location":null,"status":"passed","title":"renders textarea for terminal commands"},{"ancestorTitles":["VideoSection"],"failureMessages":[],"fullName":"VideoSection renders file input for video","location":null,"status":"passed","title":"renders file input for video"}],"endTime":1755929659079,"message":"","name":"/Users/jeffvincent/lab-thingy/frontend/src/components/__tests__/SharedLabSections.test.js","startTime":1755929658750,"status":"passed","summary":""},{"assertionResults":[{"ancestorTitles":["App Component (simplified)"],"failureMessages":[],"fullName":"App Component (simplified) renders homepage by default","location":null,"status":"passed","title":"renders homepage by default"},{"ancestorTitles":["App Component (simplified)"],"failureMessages":[],"fullName":"App Component (simplified) stores token from query param and decodes lab id","location":null,"status":"passed","title":"stores token from query param and decodes lab id"},{"ancestorTitles":["App Component (simplified)"],"failureMessages":[],"fullName":"App Component (simplified) stores token from hash param","location":null,"status":"passed","title":"stores token from hash param"},{"ancestorTitles":["App Component (simplified)"],"failureMessages":[],"fullName":"App Component (simplified) invalid token logs error","location":null,"status":"passed","title":"invalid token logs error"},{"ancestorTitles":["App Component (simplified)"],"failureMessages":[],"fullName":"App Component (simplified) unauthenticated org path routes to signup form","location":null,"status":"passed","title":"unauthenticated org path routes to signup form"}],"endTime":1755929659121,"message":"","name":"/Users/jeffvincent/lab-thingy/frontend/src/App.test.js","startTime":1755929657891,"status":"passed","summary":""},{"assertionResults":[{"ancestorTitles":["Homepage Component"],"failureMessages":[],"fullName":"Homepage Component renders hero heading","location":null,"status":"passed","title":"renders hero heading"},{"ancestorTitles":["Homepage Component"],"failureMessages":[],"fullName":"Homepage Component renders call to action buttons","location":null,"status":"passed","title":"renders call to action buttons"}],"endTime":1755929659159,"message":"","name":"/Users/jeffvincent/lab-thingy/frontend/src/components/__tests__/Homepage.test.js","startTime":1755929658920,"status":"passed","summary":""},{"assertionResults":[{"ancestorTitles":["CreateStockLab"],"failureMessages":[],"fullName":"CreateStockLab renders form fields","location":null,"status":"passed","title":"renders form fields"},{"ancestorTitles":["CreateStockLab"],"failureMessages":[],"fullName":"CreateStockLab disables submit if required fields are missing","location":null,"status":"passed","title":"disables submit if required fields are missing"},{"ancestorTitles":["CreateStockLab"],"failureMessages":[],"fullName":"CreateStockLab calls onCreated after successful submit","location":null,"status":"passed","title":"calls onCreated after successful submit"}],"endTime":1755929659195,"message":"","name":"/Users/jeffvincent/lab-thingy/frontend/src/components/__tests__/CreateStockLab.test.js","startTime":1755929657869,"status":"passed","summary":""},{"assertionResults":[{"ancestorTitles":["LabLayout Component"],"failureMessages":[],"fullName":"LabLayout Component renders all components correctly","location":null,"status":"passed","title":"renders all components correctly"},{"ancestorTitles":["LabLayout Component"],"failureMessages":[],"fullName":"LabLayout Component starts compute environment on mount","location":null,"status":"passed","title":"starts compute environment on mount"},{"ancestorTitles":["LabLayout Component"],"failureMessages":[],"fullName":"LabLayout Component handles compute environment start error","location":null,"status":"passed","title":"handles compute environment start error"}],"endTime":1755929659213,"message":"","name":"/Users/jeffvincent/lab-thingy/frontend/src/components/__tests__/LabLayout.test.js","startTime":1755929659016,"status":"passed","summary":""},{"assertionResults":[{"ancestorTitles":["OverageCalculator"],"failureMessages":[],"fullName":"OverageCalculator renders input and calculates overage","location":null,"status":"passed","title":"renders input and calculates overage"},{"ancestorTitles":["OverageCalculator"],"failureMessages":[],"fullName":"OverageCalculator shows total with extra blocks","location":null,"status":"passed","title":"shows total with extra blocks"}],"endTime":1755929659280,"message":"","name":"/Users/jeffvincent/lab-thingy/frontend/src/components/__tests__/OverageCalculator.test.js","startTime":1755929659147,"status":"passed","summary":""},{"assertionResults":[{"ancestorTitles":["Terminal"],"failureMessages":[],"fullName":"Terminal renders terminal component","location":null,"status":"passed","title":"renders terminal component"}],"endTime":1755929659283,"message":"","name":"/Users/jeffvincent/lab-thingy/frontend/src/components/__tests__/Terminal.test.js","startTime":1755929659174,"status":"passed","summary":""},{"assertionResults":[{"ancestorTitles":["CreateCustomLab"],"failureMessages":[],"fullName":"CreateCustomLab renders form fields","location":null,"status":"passed","title":"renders form fields"},{"ancestorTitles":["CreateCustomLab"],"failureMessages":[],"fullName":"CreateCustomLab disables submit if required fields are missing","location":null,"status":"passed","title":"disables submit if required fields are missing"},{"ancestorTitles":["CreateCustomLab"],"failureMessages":[],"fullName":"CreateCustomLab calls onCreated after successful submit","location":null,"status":"passed","title":"calls onCreated after successful submit"}],"endTime":1755929659301,"message":"","name":"/Users/jeffvincent/lab-thingy/frontend/src/components/__tests__/CreateCustomLab.test.js","startTime":1755929657935,"status":"passed","summary":""},{"assertionResults":[{"ancestorTitles":["CreateLesson (legacy placeholder)"],"failureMessages":[],"fullName":"CreateLesson (legacy placeholder) skipped","location":null,"status":"pending","title":"skipped"}],"endTime":1755929659303,"message":"","name":"/Users/jeffvincent/lab-thingy/frontend/src/components/__tests__/CreateLesson.test.js","startTime":1755929659217,"status":"passed","summary":""},{"assertionResults":[{"ancestorTitles":["IDE Component (current implementation)"],"failureMessages":[],"fullName":"IDE Component (current implementation) renders initial code from labData","location":null,"status":"passed","title":"renders initial code from labData"},{"ancestorTitles":["IDE Component (current implementation)"],"failureMessages":[],"fullName":"IDE Component (current implementation) updates code when typing","location":null,"status":"passed","title":"updates code when typing"},{"ancestorTitles":["IDE Component (current implementation)"],"failureMessages":[],"fullName":"IDE Component (current implementation) runs code and displays output container","location":null,"status":"passed","title":"runs code and displays output container"},{"ancestorTitles":["IDE Component (current implementation)"],"failureMessages":[],"fullName":"IDE Component (current implementation) handles run error gracefully","location":null,"status":"passed","title":"handles run error gracefully"}],"endTime":1755929659499,"message":"","name":"/Users/jeffvincent/lab-thingy/frontend/src/components/__tests__/IDE.test.js","startTime":1755929659089,"status":"passed","summary":""},{"assertionResults":[{"ancestorTitles":["ImageBuildStatus"],"failureMessages":[],"fullName":"ImageBuildStatus renders loading state","location":null,"status":"passed","title":"renders loading state"},{"ancestorTitles":["ImageBuildStatus"],"failureMessages":["Error: thrown: \"Exceeded timeout of 7000 ms for a test.\nUse jest.setTimeout(newTimeout) to increase the timeout value, if this is a long-running test.\"\n    at /Users/jeffvincent/lab-thingy/frontend/src/components/__tests__/ImageBuildStatus.test.js:18:3\n    at _dispatchDescribe (/Users/jeffvincent/lab-thingy/frontend/node_modules/jest-circus/build/index.js:98:26)\n    at describe (/Users/jeffvincent/lab-thingy/frontend/node_modules/jest-circus/build/index.js:60:5)\n    at Object.<anonymous> (/Users/jeffvincent/lab-thingy/frontend/src/components/__tests__/ImageBuildStatus.test.js:10:1)\n    at Runtime._execModule (/Users/jeffvincent/lab-thingy/frontend/node_modules/jest-runtime/build/index.js:1646:24)\n    at Runtime._loadModule (/Users/jeffvincent/lab-thingy/frontend/node_modules/jest-runtime/build/index.js:1185:12)\n    at Runtime.requireModule (/Users/jeffvincent/lab-thingy/frontend/node_modules/jest-runtime/build/index.js:1009:12)\n    at jestAdapter (/Users/jeffvincent/lab-thingy/frontend/node_modules/jest-circus/build/legacy-code-todo-rewrite/jestAdapter.js:79:13)\n    at processTicksAndRejections (node:internal/process/task_queues:105:5)\n    at runTestInternal (/Users/jeffvincent/lab-thingy/frontend/node_modules/jest-runner/build/runTest.js:389:16)\n    at runTest (/Users/jeffvincent/lab-thingy/frontend/node_modules/jest-runner/build/runTest.js:475:34)\n    at Object.worker (/Users/jeffvincent/lab-thingy/frontend/node_modules/jest-runner/build/testWorker.js:133:12)"],"fullName":"ImageBuildStatus shows error if fetch fails","location":null,"status":"failed","title":"shows error if fetch fails"}],"endTime":1755929665641,"message":"\u001b[1m\u001b[31m  \u001b[1m● \u001b[22m\u001b[1mImageBuildStatus › shows error if fetch fails\u001b[39m\u001b[22m\n\n    thrown: \"Exceeded timeout of 7000 ms for a test.\n    Use jest.setTimeout(newTimeout) to increase the timeout value, if this is a long-running test.\"\n\u001b[2m\u001b[22m\n\u001b[2m    \u001b[0m \u001b[90m 16 |\u001b[39m   })\u001b[33m;\u001b[39m\u001b[22m\n\u001b[2m     \u001b[90m 17 |\u001b[39m\u001b[22m\n\u001b[2m    \u001b[31m\u001b[1m>\u001b[22m\u001b[2m\u001b[39m\u001b[90m 18 |\u001b[39m   test(\u001b[22m\n\u001b[2m     \u001b[90m    |\u001b[39m   \u001b[31m\u001b[1m^\u001b[22m\u001b[2m\u001b[39m\u001b[22m\n\u001b[2m     \u001b[90m 19 |\u001b[39m     \u001b[32m'shows error if fetch fails'\u001b[39m\u001b[33m,\u001b[39m\u001b[22m\n\u001b[2m     \u001b[90m 20 |\u001b[39m     \u001b[36masync\u001b[39m () \u001b[33m=>\u001b[39m {\u001b[22m\n\u001b[2m     \u001b[90m 21 |\u001b[39m       global\u001b[33m.\u001b[39mfetch \u001b[33m=\u001b[39m jest\u001b[33m.\u001b[39mfn()\u001b[33m.\u001b[39mmockRejectedValueOnce(\u001b[36mnew\u001b[39m \u001b[33mError\u001b[39m(\u001b[32m'fail'\u001b[39m))\u001b[33m;\u001b[39m\u001b[0m\u001b[22m\n\u001b[2m\u001b[22m\n\u001b[2m      \u001b[2mat \u001b[22m\u001b[2m\u001b[0m\u001b[36msrc/components/__tests__/ImageBuildStatus.test.js\u001b[39m\u001b[0m\u001b[2m:18:3\u001b[22m\u001b[2m\u001b[22m\n\u001b[2m      \u001b[2mat Object.<anonymous> (\u001b[22m\u001b[2m\u001b[0m\u001b[36msrc/components/__tests__/ImageBuildStatus.test.js\u001b[39m\u001b[0m\u001b[2m:10:1)\u001b[22m\u001b[2m\u001b[22m\n","name":"/Users/jeffvincent/lab-thingy/frontend/src/components/__tests__/ImageBuildStatus.test.js","startTime":1755929657920,"status":"failed","summary":""}],"wasInterrupted":false}